2023-11-08T11:37:56.175+05:30  INFO 15800 --- [restartedMain] c.c.a.InsurancePortalApplication         : Starting InsurancePortalApplication using Java 17.0.5 with PID 15800 (C:\MySpringBootWork\InsurancePortal\bin\main started by riebim in C:\MySpringBootWork\InsurancePortal)
2023-11-08T11:37:56.203+05:30  INFO 15800 --- [restartedMain] c.c.a.InsurancePortalApplication         : No active profile set, falling back to 1 default profile: "default"
2023-11-08T11:37:57.562+05:30  INFO 15800 --- [restartedMain] o.apache.catalina.core.StandardService   : Starting service [Tomcat]
2023-11-08T11:37:57.564+05:30  INFO 15800 --- [restartedMain] o.apache.catalina.core.StandardEngine    : Starting Servlet engine: [Apache Tomcat/10.1.13]
2023-11-08T11:37:57.651+05:30  INFO 15800 --- [restartedMain] o.a.c.c.C.[Tomcat].[localhost].[/]       : Initializing Spring embedded WebApplicationContext
2023-11-08T11:37:57.814+05:30  INFO 15800 --- [restartedMain] o.hibernate.jpa.internal.util.LogHelper  : HHH000204: Processing PersistenceUnitInfo [name: default]
2023-11-08T11:37:57.891+05:30  INFO 15800 --- [restartedMain] org.hibernate.Version                    : HHH000412: Hibernate ORM core version 6.2.9.Final
2023-11-08T11:37:57.894+05:30  INFO 15800 --- [restartedMain] org.hibernate.cfg.Environment            : HHH000406: Using bytecode reflection optimizer
2023-11-08T11:37:58.053+05:30  INFO 15800 --- [restartedMain] o.h.b.i.BytecodeProviderInitiator        : HHH000021: Bytecode provider name : bytebuddy
2023-11-08T11:37:58.215+05:30  INFO 15800 --- [restartedMain] com.zaxxer.hikari.HikariDataSource       : HikariPool-1 - Starting...
2023-11-08T11:37:58.627+05:30  INFO 15800 --- [restartedMain] com.zaxxer.hikari.pool.HikariPool        : HikariPool-1 - Added connection org.postgresql.jdbc.PgConnection@3dda1161
2023-11-08T11:37:58.630+05:30  INFO 15800 --- [restartedMain] com.zaxxer.hikari.HikariDataSource       : HikariPool-1 - Start completed.
2023-11-08T11:37:58.930+05:30  INFO 15800 --- [restartedMain] o.h.b.i.BytecodeProviderInitiator        : HHH000021: Bytecode provider name : bytebuddy
2023-11-08T11:37:59.575+05:30  INFO 15800 --- [restartedMain] o.h.e.t.j.p.i.JtaPlatformInitiator       : HHH000490: Using JtaPlatform implementation: [org.hibernate.engine.transaction.jta.platform.internal.NoJtaPlatform]
2023-11-08T11:37:59.646+05:30  INFO 15800 --- [restartedMain] c.c.a.controller.AdminController         : admin admin Called
2023-11-08T11:37:59.859+05:30  INFO 15800 --- [restartedMain] c.c.a.controller.UserController          : User user Called
2023-11-08T11:37:59.908+05:30  WARN 15800 --- [restartedMain] JpaBaseConfiguration$JpaWebConfiguration : spring.jpa.open-in-view is enabled by default. Therefore, database queries may be performed during view rendering. Explicitly configure spring.jpa.open-in-view to disable this warning
2023-11-08T11:38:00.249+05:30  INFO 15800 --- [restartedMain] c.c.a.InsurancePortalApplication         : Started InsurancePortalApplication in 4.536 seconds (process running for 5.678)
2023-11-08T11:38:17.640+05:30  INFO 15800 --- [http-nio-2001-exec-1] o.a.c.c.C.[Tomcat].[localhost].[/]       : Initializing Spring DispatcherServlet 'dispatcherServlet'
2023-11-08T11:38:17.896+05:30  INFO 15800 --- [http-nio-2001-exec-1] c.c.a.controller.AdminController         : ----> Customer Saved <----Admin(adminId=52, adminName=Mary, password=tobesolonely, emailId=123@gmail.com, phoneNumber=7853647638)
